{"/home/shiva/typescript/src/circle.ts": {"path":"/home/shiva/typescript/src/circle.ts","statementMap":{"0":{"start":{"line":1,"column":0},"end":{"line":1,"column":32}},"1":{"start":{"line":8,"column":6},"end":{"line":8,"column":14}},"2":{"start":{"line":9,"column":6},"end":{"line":9,"column":35}},"3":{"start":{"line":13,"column":6},"end":{"line":13,"column":49}},"4":{"start":{"line":4,"column":0},"end":{"line":4,"column":13}},"5":{"start":{"line":17,"column":12},"end":{"line":17,"column":35}},"6":{"start":{"line":18,"column":0},"end":{"line":18,"column":24}}},"fnMap":{"0":{"name":"(anonymous_0)","decl":{"start":{"line":7,"column":4},"end":{"line":7,"column":16}},"loc":{"start":{"line":7,"column":37},"end":{"line":10,"column":5}}},"1":{"name":"(anonymous_1)","decl":{"start":{"line":12,"column":4},"end":{"line":12,"column":8}},"loc":{"start":{"line":12,"column":8},"end":{"line":14,"column":5}}}},"branchMap":{},"s":{"0":1,"1":2,"2":2,"3":2,"4":1,"5":1,"6":1},"f":{"0":2,"1":2},"b":{}}
,"/home/shiva/typescript/src/rectangle.ts": {"path":"/home/shiva/typescript/src/rectangle.ts","statementMap":{"0":{"start":{"line":1,"column":0},"end":{"line":1,"column":32}},"1":{"start":{"line":9,"column":8},"end":{"line":9,"column":16}},"2":{"start":{"line":10,"column":8},"end":{"line":10,"column":37}},"3":{"start":{"line":11,"column":8},"end":{"line":11,"column":35}},"4":{"start":{"line":14,"column":8},"end":{"line":14,"column":40}},"5":{"start":{"line":4,"column":0},"end":{"line":4,"column":13}}},"fnMap":{"0":{"name":"(anonymous_0)","decl":{"start":{"line":8,"column":4},"end":{"line":8,"column":17}},"loc":{"start":{"line":8,"column":41},"end":{"line":12,"column":5}}},"1":{"name":"(anonymous_1)","decl":{"start":{"line":13,"column":4},"end":{"line":13,"column":8}},"loc":{"start":{"line":13,"column":8},"end":{"line":15,"column":5}}}},"branchMap":{},"s":{"0":1,"1":1,"2":1,"3":1,"4":1,"5":1},"f":{"0":1,"1":1},"b":{}}
,"/home/shiva/typescript/src/shape.ts": {"path":"/home/shiva/typescript/src/shape.ts","statementMap":{"0":{"start":{"line":1,"column":0},"end":{"line":1,"column":22}}},"fnMap":{},"branchMap":{},"s":{"0":1},"f":{},"b":{}}
}
